mongod(5817,0x7fffb02253c0) malloc: *** malloc_zone_unregister() failed for 0x7fffb021b000
2016-12-10T22:33:36.131+0800 [initandlisten] MongoDB starting : pid=5817 port=27017 dbpath=/Users/Yalin/WorkSpace/MongoDB/IM/data/db 64-bit host=bogon
2016-12-10T22:33:36.131+0800 [initandlisten] db version v2.6.6
2016-12-10T22:33:36.131+0800 [initandlisten] git version: nogitversion
2016-12-10T22:33:36.131+0800 [initandlisten] build info: Darwin miniyosemite.local 14.0.0 Darwin Kernel Version 14.0.0: Fri Sep 19 00:26:44 PDT 2014; root:xnu-2782.1.97~2/RELEASE_X86_64 x86_64 BOOST_LIB_VERSION=1_49
2016-12-10T22:33:36.131+0800 [initandlisten] allocator: tcmalloc
2016-12-10T22:33:36.131+0800 [initandlisten] options: { storage: { dbPath: "/Users/Yalin/WorkSpace/MongoDB/IM/data/db" } }
2016-12-10T22:33:36.131+0800 [initandlisten] journal dir=/Users/Yalin/WorkSpace/MongoDB/IM/data/db/journal
2016-12-10T22:33:36.131+0800 [initandlisten] recover begin
2016-12-10T22:33:36.132+0800 [initandlisten] recover lsn: 0
2016-12-10T22:33:36.132+0800 [initandlisten] recover /Users/Yalin/WorkSpace/MongoDB/IM/data/db/journal/j._0
2016-12-10T22:33:36.135+0800 [initandlisten] recover cleaning up
2016-12-10T22:33:36.135+0800 [initandlisten] removeJournalFiles
2016-12-10T22:33:36.135+0800 [initandlisten] recover done
2016-12-10T22:33:36.158+0800 [initandlisten] waiting for connections on port 27017
mongod(5837,0x7fffb02253c0) malloc: *** malloc_zone_unregister() failed for 0x7fffb021b000
2016-12-10T22:33:58.771+0800 [initandlisten] MongoDB starting : pid=5837 port=27017 dbpath=/Users/Yalin/WorkSpace/MongoDB/IM/data/db 64-bit host=bogon
2016-12-10T22:33:58.771+0800 [initandlisten] db version v2.6.6
2016-12-10T22:33:58.771+0800 [initandlisten] git version: nogitversion
2016-12-10T22:33:58.771+0800 [initandlisten] build info: Darwin miniyosemite.local 14.0.0 Darwin Kernel Version 14.0.0: Fri Sep 19 00:26:44 PDT 2014; root:xnu-2782.1.97~2/RELEASE_X86_64 x86_64 BOOST_LIB_VERSION=1_49
2016-12-10T22:33:58.771+0800 [initandlisten] allocator: tcmalloc
2016-12-10T22:33:58.771+0800 [initandlisten] options: { storage: { dbPath: "/Users/Yalin/WorkSpace/MongoDB/IM/data/db" } }
2016-12-10T22:33:58.771+0800 [initandlisten] exception in initAndListen: 10310 Unable to lock file: /Users/Yalin/WorkSpace/MongoDB/IM/data/db/mongod.lock. Is a mongod instance already running?, terminating
2016-12-10T22:33:58.771+0800 [initandlisten] dbexit: 
2016-12-10T22:33:58.771+0800 [initandlisten] shutdown: going to close listening sockets...
2016-12-10T22:33:58.771+0800 [initandlisten] shutdown: going to flush diaglog...
2016-12-10T22:33:58.771+0800 [initandlisten] shutdown: going to close sockets...
2016-12-10T22:33:58.771+0800 [initandlisten] shutdown: waiting for fs preallocator...
2016-12-10T22:33:58.771+0800 [initandlisten] shutdown: lock for final commit...
2016-12-10T22:33:58.771+0800 [initandlisten] shutdown: final commit...
2016-12-10T22:33:58.771+0800 [initandlisten] shutdown: closing all files...
2016-12-10T22:33:58.771+0800 [initandlisten] closeAllFiles() finished
2016-12-10T22:33:58.771+0800 [initandlisten] dbexit: really exiting now
mongod(5864,0x7fffb02253c0) malloc: *** malloc_zone_unregister() failed for 0x7fffb021b000
2016-12-10T22:34:04.576+0800 [initandlisten] MongoDB starting : pid=5864 port=27017 dbpath=/Users/Yalin/WorkSpace/MongoDB/IM/data/db 64-bit host=bogon
2016-12-10T22:34:04.577+0800 [initandlisten] db version v2.6.6
2016-12-10T22:34:04.577+0800 [initandlisten] git version: nogitversion
2016-12-10T22:34:04.577+0800 [initandlisten] build info: Darwin miniyosemite.local 14.0.0 Darwin Kernel Version 14.0.0: Fri Sep 19 00:26:44 PDT 2014; root:xnu-2782.1.97~2/RELEASE_X86_64 x86_64 BOOST_LIB_VERSION=1_49
2016-12-10T22:34:04.577+0800 [initandlisten] allocator: tcmalloc
2016-12-10T22:34:04.577+0800 [initandlisten] options: { storage: { dbPath: "/Users/Yalin/WorkSpace/MongoDB/IM/data/db" } }
2016-12-10T22:34:04.577+0800 [initandlisten] journal dir=/Users/Yalin/WorkSpace/MongoDB/IM/data/db/journal
2016-12-10T22:34:04.577+0800 [initandlisten] recover begin
2016-12-10T22:34:04.577+0800 [initandlisten] recover lsn: 0
2016-12-10T22:34:04.577+0800 [initandlisten] recover /Users/Yalin/WorkSpace/MongoDB/IM/data/db/journal/j._0
2016-12-10T22:34:04.580+0800 [initandlisten] recover cleaning up
2016-12-10T22:34:04.580+0800 [initandlisten] removeJournalFiles
2016-12-10T22:34:04.580+0800 [initandlisten] recover done
2016-12-10T22:34:04.604+0800 [initandlisten] waiting for connections on port 27017
mongod(5891,0x7fffb02253c0) malloc: *** malloc_zone_unregister() failed for 0x7fffb021b000
2016-12-10T22:34:35.930+0800 [initandlisten] MongoDB starting : pid=5891 port=27017 dbpath=/Users/Yalin/WorkSpace/MongoDB/IM/data/db 64-bit host=bogon
2016-12-10T22:34:35.930+0800 [initandlisten] db version v2.6.6
2016-12-10T22:34:35.930+0800 [initandlisten] git version: nogitversion
2016-12-10T22:34:35.930+0800 [initandlisten] build info: Darwin miniyosemite.local 14.0.0 Darwin Kernel Version 14.0.0: Fri Sep 19 00:26:44 PDT 2014; root:xnu-2782.1.97~2/RELEASE_X86_64 x86_64 BOOST_LIB_VERSION=1_49
2016-12-10T22:34:35.930+0800 [initandlisten] allocator: tcmalloc
2016-12-10T22:34:35.930+0800 [initandlisten] options: { storage: { dbPath: "/Users/Yalin/WorkSpace/MongoDB/IM/data/db" } }
2016-12-10T22:34:35.930+0800 [initandlisten] exception in initAndListen: 10310 Unable to lock file: /Users/Yalin/WorkSpace/MongoDB/IM/data/db/mongod.lock. Is a mongod instance already running?, terminating
2016-12-10T22:34:35.930+0800 [initandlisten] dbexit: 
2016-12-10T22:34:35.930+0800 [initandlisten] shutdown: going to close listening sockets...
2016-12-10T22:34:35.930+0800 [initandlisten] shutdown: going to flush diaglog...
2016-12-10T22:34:35.930+0800 [initandlisten] shutdown: going to close sockets...
2016-12-10T22:34:35.930+0800 [initandlisten] shutdown: waiting for fs preallocator...
2016-12-10T22:34:35.930+0800 [initandlisten] shutdown: lock for final commit...
2016-12-10T22:34:35.930+0800 [initandlisten] shutdown: final commit...
2016-12-10T22:34:35.930+0800 [initandlisten] shutdown: closing all files...
2016-12-10T22:34:35.930+0800 [initandlisten] closeAllFiles() finished
2016-12-10T22:34:35.930+0800 [initandlisten] dbexit: really exiting now
mongod(5919,0x7fffb02253c0) malloc: *** malloc_zone_unregister() failed for 0x7fffb021b000
2016-12-10T22:34:43.970+0800 [initandlisten] MongoDB starting : pid=5919 port=27017 dbpath=/Users/Yalin/WorkSpace/MongoDB/IM/data/db 64-bit host=bogon
2016-12-10T22:34:43.970+0800 [initandlisten] db version v2.6.6
2016-12-10T22:34:43.970+0800 [initandlisten] git version: nogitversion
2016-12-10T22:34:43.970+0800 [initandlisten] build info: Darwin miniyosemite.local 14.0.0 Darwin Kernel Version 14.0.0: Fri Sep 19 00:26:44 PDT 2014; root:xnu-2782.1.97~2/RELEASE_X86_64 x86_64 BOOST_LIB_VERSION=1_49
2016-12-10T22:34:43.970+0800 [initandlisten] allocator: tcmalloc
2016-12-10T22:34:43.970+0800 [initandlisten] options: { storage: { dbPath: "/Users/Yalin/WorkSpace/MongoDB/IM/data/db" } }
2016-12-10T22:34:43.971+0800 [initandlisten] journal dir=/Users/Yalin/WorkSpace/MongoDB/IM/data/db/journal
2016-12-10T22:34:43.971+0800 [initandlisten] recover begin
2016-12-10T22:34:43.971+0800 [initandlisten] recover lsn: 0
2016-12-10T22:34:43.971+0800 [initandlisten] recover /Users/Yalin/WorkSpace/MongoDB/IM/data/db/journal/j._0
2016-12-10T22:34:43.974+0800 [initandlisten] recover cleaning up
2016-12-10T22:34:43.974+0800 [initandlisten] removeJournalFiles
2016-12-10T22:34:43.974+0800 [initandlisten] recover done
2016-12-10T22:34:43.998+0800 [initandlisten] waiting for connections on port 27017
2016-12-10T22:35:44.044+0800 [clientcursormon] mem (MB) res:51 virt:2819
2016-12-10T22:35:44.044+0800 [clientcursormon]  mapped (incl journal view):320
2016-12-10T22:35:44.044+0800 [clientcursormon]  connections:0
